Vivado Simulator 2020.1
Copyright 1986-1999, 2001-2020 Xilinx, Inc. All Rights Reserved.
Running: C:/Xilinx/Vivado/2020.1/bin/unwrapped/win64.o/xelab.exe -wto c33681f666ca4ae4bd9643439fa11b76 --incr --debug typical --relax --mt 2 -L xil_defaultlib -L unisims_ver -L unimacro_ver -L secureip --snapshot RF_ALU_FSM_tb_behav xil_defaultlib.RF_ALU_FSM_tb xil_defaultlib.glbl -log elaborate.log 
Using 2 slave threads.
Starting static elaboration
Pass Through NonSizing Optimizer
Completed static elaboration
Starting simulation data flow analysis
Completed simulation data flow analysis
Time Resolution for simulation is 1ps
Compiling module xil_defaultlib.RegisterFile
Compiling module xil_defaultlib.and_gate
Compiling module xil_defaultlib.or_gate
Compiling module xil_defaultlib.xor_gate
Compiling module xil_defaultlib.full_adder
Compiling module xil_defaultlib.alu_1bit
Compiling module xil_defaultlib.shifter_32bit
Compiling module xil_defaultlib.alu_32bit_default
Compiling module xil_defaultlib.RF_ALU_FSM_tb
Compiling module xil_defaultlib.glbl
Built simulation snapshot RF_ALU_FSM_tb_behav
