Vivado Simulator 2020.1
Copyright 1986-1999, 2001-2020 Xilinx, Inc. All Rights Reserved.
Running: C:/Xilinx/Vivado/2020.1/bin/unwrapped/win64.o/xelab.exe -wto 06ba74d72a5f426286ed089080f64468 --incr --debug typical --relax --mt 2 -L xil_defaultlib -L unisims_ver -L unimacro_ver -L secureip --snapshot sys_top_tb_behav xil_defaultlib.sys_top_tb xil_defaultlib.glbl -log elaborate.log 
Using 2 slave threads.
Starting static elaboration
Pass Through NonSizing Optimizer
Completed static elaboration
Starting simulation data flow analysis
Completed simulation data flow analysis
Time Resolution for simulation is 1ps
Compiling module xil_defaultlib.and_gate
Compiling module xil_defaultlib.or_gate
Compiling module xil_defaultlib.xor_gate
Compiling module xil_defaultlib.full_adder
Compiling module xil_defaultlib.alu_1bit
Compiling module xil_defaultlib.shifter_32bit
Compiling module xil_defaultlib.alu_32bit_default
Compiling module xil_defaultlib.alu_top
Compiling module xil_defaultlib.debouncer
Compiling module xil_defaultlib.leds
Compiling module xil_defaultlib.switches
Compiling module xil_defaultlib.fsm_top
Compiling module xil_defaultlib.sys_top
Compiling module xil_defaultlib.sys_top_tb
Compiling module xil_defaultlib.glbl
Built simulation snapshot sys_top_tb_behav
