INFO: [VRFC 10-2263] Analyzing Verilog file "C:/Users/sheeeru/Desktop/lab6/la6.srcs/sources_1/new/alu.v" into library xil_defaultlib
INFO: [VRFC 10-311] analyzing module alu_1bit
INFO: [VRFC 10-2263] Analyzing Verilog file "C:/Users/sheeeru/Desktop/lab6/la6.srcs/sources_1/new/alu_32bit.v" into library xil_defaultlib
INFO: [VRFC 10-311] analyzing module alu_32bit
INFO: [VRFC 10-2263] Analyzing Verilog file "C:/Users/sheeeru/Desktop/lab6/la6.srcs/sources_1/new/and_gate.v" into library xil_defaultlib
INFO: [VRFC 10-311] analyzing module and_gate
INFO: [VRFC 10-2263] Analyzing Verilog file "C:/Users/sheeeru/Desktop/lab6/la6.srcs/sources_1/new/debouncer.v" into library xil_defaultlib
INFO: [VRFC 10-311] analyzing module debouncer
INFO: [VRFC 10-2263] Analyzing Verilog file "C:/Users/sheeeru/Desktop/lab6/la6.srcs/sources_1/new/fsm_top.v" into library xil_defaultlib
INFO: [VRFC 10-311] analyzing module fsm_top
INFO: [VRFC 10-2263] Analyzing Verilog file "C:/Users/sheeeru/Desktop/lab6/la6.srcs/sources_1/new/full_adder.v" into library xil_defaultlib
INFO: [VRFC 10-311] analyzing module full_adder
INFO: [VRFC 10-2263] Analyzing Verilog file "C:/Users/sheeeru/Desktop/lab6/la6.srcs/sources_1/new/leds.v" into library xil_defaultlib
INFO: [VRFC 10-311] analyzing module leds
INFO: [VRFC 10-2263] Analyzing Verilog file "C:/Users/sheeeru/Desktop/lab6/la6.srcs/sources_1/new/or_gate.v" into library xil_defaultlib
INFO: [VRFC 10-311] analyzing module or_gate
INFO: [VRFC 10-2263] Analyzing Verilog file "C:/Users/sheeeru/Desktop/lab6/la6.srcs/sources_1/new/shifter_32bit.v" into library xil_defaultlib
INFO: [VRFC 10-311] analyzing module shifter_32bit
INFO: [VRFC 10-2263] Analyzing Verilog file "C:/Users/sheeeru/Desktop/lab6/la6.srcs/sources_1/new/switches.v" into library xil_defaultlib
INFO: [VRFC 10-311] analyzing module switches
INFO: [VRFC 10-2263] Analyzing Verilog file "C:/Users/sheeeru/Desktop/lab6/la6.srcs/sources_1/new/sys_top.v" into library xil_defaultlib
INFO: [VRFC 10-311] analyzing module sys_top
INFO: [VRFC 10-2263] Analyzing Verilog file "C:/Users/sheeeru/Desktop/lab6/la6.srcs/sources_1/new/top.v" into library xil_defaultlib
INFO: [VRFC 10-311] analyzing module alu_top
INFO: [VRFC 10-2263] Analyzing Verilog file "C:/Users/sheeeru/Desktop/lab6/la6.srcs/sources_1/new/xor_gate.v" into library xil_defaultlib
INFO: [VRFC 10-311] analyzing module xor_gate
INFO: [VRFC 10-2263] Analyzing Verilog file "C:/Users/sheeeru/Desktop/lab6/la6.srcs/sim_1/new/sys_top_tb.v" into library xil_defaultlib
INFO: [VRFC 10-311] analyzing module sys_top_tb
