Copyright 1986-2020 Xilinx, Inc. All Rights Reserved.
---------------------------------------------------------------------------------------
| Tool Version : Vivado v.2020.1 (win64) Build 2902540 Wed May 27 19:54:49 MDT 2020
| Date         : Thu Mar 12 10:18:07 2026
| Host         : HUSAF-R90X931N running 64-bit major release  (build 9200)
| Command      : report_control_sets -verbose -file top_rf_alu_control_sets_placed.rpt
| Design       : top_rf_alu
| Device       : xc7a35t
---------------------------------------------------------------------------------------

Control Set Information

Table of Contents
-----------------
1. Summary
2. Histogram
3. Flip-Flop Distribution
4. Detailed Control Set Information

1. Summary
----------

+----------------------------------------------------------+-------+
|                          Status                          | Count |
+----------------------------------------------------------+-------+
| Total control sets                                       |     6 |
|    Minimum number of control sets                        |     6 |
|    Addition due to synthesis replication                 |     0 |
|    Addition due to physical synthesis replication        |     0 |
| Unused register locations in slices containing registers |     8 |
+----------------------------------------------------------+-------+
* Control sets can be merged at opt_design using control_set_merge or merge_equivalent_drivers
** Run report_qor_suggestions for automated merging and remapping suggestions


2. Histogram
------------

+--------------------+-------+
|       Fanout       | Count |
+--------------------+-------+
| Total control sets |     6 |
| >= 0 to < 4        |     0 |
| >= 4 to < 6        |     0 |
| >= 6 to < 8        |     1 |
| >= 8 to < 10       |     0 |
| >= 10 to < 12      |     0 |
| >= 12 to < 14      |     0 |
| >= 14 to < 16      |     0 |
| >= 16              |     5 |
+--------------------+-------+
* Control sets can be remapped at either synth_design or opt_design


3. Flip-Flop Distribution
-------------------------

+--------------+-----------------------+------------------------+-----------------+--------------+
| Clock Enable | Synchronous Set/Reset | Asynchronous Set/Reset | Total Registers | Total Slices |
+--------------+-----------------------+------------------------+-----------------+--------------+
| No           | No                    | No                     |               0 |            0 |
| No           | No                    | Yes                    |               5 |            1 |
| No           | Yes                   | No                     |              16 |            7 |
| Yes          | No                    | No                     |               0 |            0 |
| Yes          | No                    | Yes                    |             139 |           69 |
| Yes          | Yes                   | No                     |               0 |            0 |
+--------------+-----------------------+------------------------+-----------------+--------------+


4. Detailed Control Set Information
-----------------------------------

+----------------+-----------------------+------------------+------------------+----------------+--------------+
|  Clock Signal  |     Enable Signal     | Set/Reset Signal | Slice Load Count | Bel Load Count | Bels / Slice |
+----------------+-----------------------+------------------+------------------+----------------+--------------+
|  clk_IBUF_BUFG | FSM/rf_rs2[1]_i_1_n_0 | pbin_IBUF        |                5 |              7 |         1.40 |
|  clk_IBUF_BUFG |                       | pbin_IBUF        |                8 |             21 |         2.62 |
|  clk_IBUF_BUFG | FSM/E[0]              | pbin_IBUF        |               16 |             32 |         2.00 |
|  clk_IBUF_BUFG | FSM/rf_we_reg_1[0]    | pbin_IBUF        |               18 |             32 |         1.78 |
|  clk_IBUF_BUFG | FSM/rf_we_reg_0[0]    | pbin_IBUF        |               14 |             32 |         2.29 |
|  clk_IBUF_BUFG | FSM/rf_wd[31]_i_1_n_0 | pbin_IBUF        |               16 |             36 |         2.25 |
+----------------+-----------------------+------------------+------------------+----------------+--------------+


